<stdin>:1332:2: warning: #warning syscall io_pgetevents not implemented [-Wcpp]
In file included from ./include/trace/define_trace.h:97,
                 from ./include/trace/events/writeback.h:762,
                 from fs/fs-writeback.c:98:
./include/trace/events/writeback.h: In function 'perf_trace_writeback_work_class':
./include/trace/events/writeback.h:223:3: warning: 'strncpy' specified bound 32 equals destination size [-Wstringop-truncation]
   strncpy(__entry->name,
   ^~~~~~~~~~~~~~~~~~~~~~
    wb->bdi->dev ? dev_name(wb->bdi->dev) : "(unknown)", 32);
    ~~~~~~~~~~~~~~~~~~~~~~~~~~~~~~~~~~~~~~~~~~~~~~~~~~~~~~~~
./include/trace/perf.h:66:4: note: in definition of macro 'DECLARE_EVENT_CLASS'
  { assign; }       \
    ^~~~~~
./include/trace/events/writeback.h:222:2: note: in expansion of macro 'TP_fast_assign'
  TP_fast_assign(
  ^~~~~~~~~~~~~~
./include/trace/events/writeback.h: In function 'perf_trace_writeback_class':
./include/trace/events/writeback.h:277:3: warning: 'strncpy' specified bound 32 equals destination size [-Wstringop-truncation]
   strncpy(__entry->name, dev_name(wb->bdi->dev), 32);
   ^~~~~~~~~~~~~~~~~~~~~~~~~~~~~~~~~~~~~~~~~~~~~~~~~~
./include/trace/perf.h:66:4: note: in definition of macro 'DECLARE_EVENT_CLASS'
  { assign; }       \
    ^~~~~~
./include/trace/events/writeback.h:276:2: note: in expansion of macro 'TP_fast_assign'
  TP_fast_assign(
  ^~~~~~~~~~~~~~
./include/trace/events/writeback.h: In function 'perf_trace_writeback_bdi_register':
./include/trace/events/writeback.h:299:3: warning: 'strncpy' specified bound 32 equals destination size [-Wstringop-truncation]
   strncpy(__entry->name, dev_name(bdi->dev), 32);
   ^~~~~~~~~~~~~~~~~~~~~~~~~~~~~~~~~~~~~~~~~~~~~~
./include/trace/perf.h:66:4: note: in definition of macro 'DECLARE_EVENT_CLASS'
  { assign; }       \
    ^~~~~~
./include/trace/trace_events.h:78:9: note: in expansion of macro 'PARAMS'
         PARAMS(assign),         \
         ^~~~~~
./include/trace/events/writeback.h:292:1: note: in expansion of macro 'TRACE_EVENT'
 TRACE_EVENT(writeback_bdi_register,
 ^~~~~~~~~~~
./include/trace/events/writeback.h:298:2: note: in expansion of macro 'TP_fast_assign'
  TP_fast_assign(
  ^~~~~~~~~~~~~~
./include/trace/events/writeback.h: In function 'perf_trace_wbc_class':
./include/trace/events/writeback.h:324:3: warning: 'strncpy' specified bound 32 equals destination size [-Wstringop-truncation]
   strncpy(__entry->name, dev_name(bdi->dev), 32);
   ^~~~~~~~~~~~~~~~~~~~~~~~~~~~~~~~~~~~~~~~~~~~~~
./include/trace/perf.h:66:4: note: in definition of macro 'DECLARE_EVENT_CLASS'
  { assign; }       \
    ^~~~~~
./include/trace/events/writeback.h:323:2: note: in expansion of macro 'TP_fast_assign'
  TP_fast_assign(
  ^~~~~~~~~~~~~~
./include/trace/events/writeback.h: In function 'perf_trace_writeback_queue_io':
./include/trace/events/writeback.h:375:3: warning: 'strncpy' specified bound 32 equals destination size [-Wstringop-truncation]
   strncpy(__entry->name, dev_name(wb->bdi->dev), 32);
   ^~~~~~~~~~~~~~~~~~~~~~~~~~~~~~~~~~~~~~~~~~~~~~~~~~
./include/trace/perf.h:66:4: note: in definition of macro 'DECLARE_EVENT_CLASS'
  { assign; }       \
    ^~~~~~
./include/trace/trace_events.h:78:9: note: in expansion of macro 'PARAMS'
         PARAMS(assign),         \
         ^~~~~~
./include/trace/events/writeback.h:360:1: note: in expansion of macro 'TRACE_EVENT'
 TRACE_EVENT(writeback_queue_io,
 ^~~~~~~~~~~
./include/trace/events/writeback.h:373:2: note: in expansion of macro 'TP_fast_assign'
  TP_fast_assign(
  ^~~~~~~~~~~~~~
./include/trace/events/writeback.h: In function 'perf_trace_writeback_dirty_page':
./include/trace/events/writeback.h:69:3: warning: 'strncpy' specified bound 32 equals destination size [-Wstringop-truncation]
   strncpy(__entry->name,
   ^~~~~~~~~~~~~~~~~~~~~~
    mapping ? dev_name(inode_to_bdi(mapping->host)->dev) : "(unknown)", 32);
    ~~~~~~~~~~~~~~~~~~~~~~~~~~~~~~~~~~~~~~~~~~~~~~~~~~~~~~~~~~~~~~~~~~~~~~~
./include/trace/perf.h:66:4: note: in definition of macro 'DECLARE_EVENT_CLASS'
  { assign; }       \
    ^~~~~~
./include/trace/trace_events.h:78:9: note: in expansion of macro 'PARAMS'
         PARAMS(assign),         \
         ^~~~~~
./include/trace/events/writeback.h:56:1: note: in expansion of macro 'TRACE_EVENT'
 TRACE_EVENT(writeback_dirty_page,
 ^~~~~~~~~~~
./include/trace/events/writeback.h:68:2: note: in expansion of macro 'TP_fast_assign'
  TP_fast_assign(
  ^~~~~~~~~~~~~~
./include/trace/events/writeback.h: In function 'perf_trace_writeback_dirty_inode_template':
./include/trace/events/writeback.h:99:3: warning: 'strncpy' specified bound 32 equals destination size [-Wstringop-truncation]
   strncpy(__entry->name,
   ^~~~~~~~~~~~~~~~~~~~~~
    bdi->dev ? dev_name(bdi->dev) : "(unknown)", 32);
    ~~~~~~~~~~~~~~~~~~~~~~~~~~~~~~~~~~~~~~~~~~~~~~~~
./include/trace/perf.h:66:4: note: in definition of macro 'DECLARE_EVENT_CLASS'
  { assign; }       \
    ^~~~~~
./include/trace/events/writeback.h:95:2: note: in expansion of macro 'TP_fast_assign'
  TP_fast_assign(
  ^~~~~~~~~~~~~~
./include/trace/events/writeback.h: In function 'perf_trace_writeback_write_inode_template':
./include/trace/events/writeback.h:179:3: warning: 'strncpy' specified bound 32 equals destination size [-Wstringop-truncation]
   strncpy(__entry->name,
   ^~~~~~~~~~~~~~~~~~~~~~
    dev_name(inode_to_bdi(inode)->dev), 32);
    ~~~~~~~~~~~~~~~~~~~~~~~~~~~~~~~~~~~~~~~
./include/trace/perf.h:66:4: note: in definition of macro 'DECLARE_EVENT_CLASS'
  { assign; }       \
    ^~~~~~
./include/trace/events/writeback.h:178:2: note: in expansion of macro 'TP_fast_assign'
  TP_fast_assign(
  ^~~~~~~~~~~~~~
./include/trace/events/writeback.h: In function 'perf_trace_writeback_sb_inodes_requeue':
./include/trace/events/writeback.h:586:3: warning: 'strncpy' specified bound 32 equals destination size [-Wstringop-truncation]
   strncpy(__entry->name,
   ^~~~~~~~~~~~~~~~~~~~~~
           dev_name(inode_to_bdi(inode)->dev), 32);
           ~~~~~~~~~~~~~~~~~~~~~~~~~~~~~~~~~~~~~~~
./include/trace/perf.h:66:4: note: in definition of macro 'DECLARE_EVENT_CLASS'
  { assign; }       \
    ^~~~~~
./include/trace/trace_events.h:78:9: note: in expansion of macro 'PARAMS'
         PARAMS(assign),         \
         ^~~~~~
./include/trace/events/writeback.h:572:1: note: in expansion of macro 'TRACE_EVENT'
 TRACE_EVENT(writeback_sb_inodes_requeue,
 ^~~~~~~~~~~
./include/trace/events/writeback.h:585:2: note: in expansion of macro 'TP_fast_assign'
  TP_fast_assign(
  ^~~~~~~~~~~~~~
./include/trace/events/writeback.h:586:3: warning: 'strncpy' specified bound 32 equals destination size [-Wstringop-truncation]
   strncpy(__entry->name,
   ^~~~~~~~~~~~~~~~~~~~~~
           dev_name(inode_to_bdi(inode)->dev), 32);
           ~~~~~~~~~~~~~~~~~~~~~~~~~~~~~~~~~~~~~~~
./include/trace/perf.h:66:4: note: in definition of macro 'DECLARE_EVENT_CLASS'
  { assign; }       \
    ^~~~~~
./include/trace/trace_events.h:78:9: note: in expansion of macro 'PARAMS'
         PARAMS(assign),         \
         ^~~~~~
./include/trace/events/writeback.h:572:1: note: in expansion of macro 'TRACE_EVENT'
 TRACE_EVENT(writeback_sb_inodes_requeue,
 ^~~~~~~~~~~
./include/trace/events/writeback.h:585:2: note: in expansion of macro 'TP_fast_assign'
  TP_fast_assign(
  ^~~~~~~~~~~~~~
./include/trace/events/writeback.h:586:3: warning: 'strncpy' specified bound 32 equals destination size [-Wstringop-truncation]
   strncpy(__entry->name,
   ^~~~~~~~~~~~~~~~~~~~~~
           dev_name(inode_to_bdi(inode)->dev), 32);
           ~~~~~~~~~~~~~~~~~~~~~~~~~~~~~~~~~~~~~~~
./include/trace/perf.h:66:4: note: in definition of macro 'DECLARE_EVENT_CLASS'
  { assign; }       \
    ^~~~~~
./include/trace/trace_events.h:78:9: note: in expansion of macro 'PARAMS'
         PARAMS(assign),         \
         ^~~~~~
./include/trace/events/writeback.h:572:1: note: in expansion of macro 'TRACE_EVENT'
 TRACE_EVENT(writeback_sb_inodes_requeue,
 ^~~~~~~~~~~
./include/trace/events/writeback.h:585:2: note: in expansion of macro 'TP_fast_assign'
  TP_fast_assign(
  ^~~~~~~~~~~~~~
./include/trace/events/writeback.h:586:3: warning: 'strncpy' specified bound 32 equals destination size [-Wstringop-truncation]
   strncpy(__entry->name,
   ^~~~~~~~~~~~~~~~~~~~~~
           dev_name(inode_to_bdi(inode)->dev), 32);
           ~~~~~~~~~~~~~~~~~~~~~~~~~~~~~~~~~~~~~~~
./include/trace/perf.h:66:4: note: in definition of macro 'DECLARE_EVENT_CLASS'
  { assign; }       \
    ^~~~~~
./include/trace/trace_events.h:78:9: note: in expansion of macro 'PARAMS'
         PARAMS(assign),         \
         ^~~~~~
./include/trace/events/writeback.h:572:1: note: in expansion of macro 'TRACE_EVENT'
 TRACE_EVENT(writeback_sb_inodes_requeue,
 ^~~~~~~~~~~
./include/trace/events/writeback.h:585:2: note: in expansion of macro 'TP_fast_assign'
  TP_fast_assign(
  ^~~~~~~~~~~~~~
./include/trace/events/writeback.h: In function 'perf_trace_writeback_single_inode_template':
./include/trace/events/writeback.h:660:3: warning: 'strncpy' specified bound 32 equals destination size [-Wstringop-truncation]
   strncpy(__entry->name,
   ^~~~~~~~~~~~~~~~~~~~~~
    dev_name(inode_to_bdi(inode)->dev), 32);
    ~~~~~~~~~~~~~~~~~~~~~~~~~~~~~~~~~~~~~~~
./include/trace/perf.h:66:4: note: in definition of macro 'DECLARE_EVENT_CLASS'
  { assign; }       \
    ^~~~~~
./include/trace/events/writeback.h:659:2: note: in expansion of macro 'TP_fast_assign'
  TP_fast_assign(
  ^~~~~~~~~~~~~~
In file included from ./include/trace/define_trace.h:96,
                 from ./include/trace/events/writeback.h:762,
                 from fs/fs-writeback.c:98:
./include/trace/events/writeback.h: In function 'trace_event_raw_event_writeback_dirty_page':
./include/trace/events/writeback.h:69:3: warning: 'strncpy' specified bound 32 equals destination size [-Wstringop-truncation]
   strncpy(__entry->name,
   ^~~~~~~~~~~~~~~~~~~~~~
    mapping ? dev_name(inode_to_bdi(mapping->host)->dev) : "(unknown)", 32);
    ~~~~~~~~~~~~~~~~~~~~~~~~~~~~~~~~~~~~~~~~~~~~~~~~~~~~~~~~~~~~~~~~~~~~~~~
./include/trace/trace_events.h:720:4: note: in definition of macro 'DECLARE_EVENT_CLASS'
  { assign; }       \
    ^~~~~~
./include/trace/trace_events.h:78:9: note: in expansion of macro 'PARAMS'
         PARAMS(assign),         \
         ^~~~~~
./include/trace/events/writeback.h:56:1: note: in expansion of macro 'TRACE_EVENT'
 TRACE_EVENT(writeback_dirty_page,
 ^~~~~~~~~~~
./include/trace/events/writeback.h:68:2: note: in expansion of macro 'TP_fast_assign'
  TP_fast_assign(
  ^~~~~~~~~~~~~~
./include/trace/events/writeback.h: In function 'trace_event_raw_event_writeback_dirty_inode_template':
./include/trace/events/writeback.h:99:3: warning: 'strncpy' specified bound 32 equals destination size [-Wstringop-truncation]
   strncpy(__entry->name,
   ^~~~~~~~~~~~~~~~~~~~~~
    bdi->dev ? dev_name(bdi->dev) : "(unknown)", 32);
    ~~~~~~~~~~~~~~~~~~~~~~~~~~~~~~~~~~~~~~~~~~~~~~~~
./include/trace/trace_events.h:720:4: note: in definition of macro 'DECLARE_EVENT_CLASS'
  { assign; }       \
    ^~~~~~
./include/trace/events/writeback.h:95:2: note: in expansion of macro 'TP_fast_assign'
  TP_fast_assign(
  ^~~~~~~~~~~~~~
./include/trace/events/writeback.h: In function 'trace_event_raw_event_writeback_write_inode_template':
./include/trace/events/writeback.h:179:3: warning: 'strncpy' specified bound 32 equals destination size [-Wstringop-truncation]
   strncpy(__entry->name,
   ^~~~~~~~~~~~~~~~~~~~~~
    dev_name(inode_to_bdi(inode)->dev), 32);
    ~~~~~~~~~~~~~~~~~~~~~~~~~~~~~~~~~~~~~~~
./include/trace/trace_events.h:720:4: note: in definition of macro 'DECLARE_EVENT_CLASS'
  { assign; }       \
    ^~~~~~
./include/trace/events/writeback.h:178:2: note: in expansion of macro 'TP_fast_assign'
  TP_fast_assign(
  ^~~~~~~~~~~~~~
./include/trace/events/writeback.h: In function 'trace_event_raw_event_writeback_work_class':
./include/trace/events/writeback.h:223:3: warning: 'strncpy' specified bound 32 equals destination size [-Wstringop-truncation]
   strncpy(__entry->name,
   ^~~~~~~~~~~~~~~~~~~~~~
    wb->bdi->dev ? dev_name(wb->bdi->dev) : "(unknown)", 32);
    ~~~~~~~~~~~~~~~~~~~~~~~~~~~~~~~~~~~~~~~~~~~~~~~~~~~~~~~~
./include/trace/trace_events.h:720:4: note: in definition of macro 'DECLARE_EVENT_CLASS'
  { assign; }       \
    ^~~~~~
./include/trace/events/writeback.h:222:2: note: in expansion of macro 'TP_fast_assign'
  TP_fast_assign(
  ^~~~~~~~~~~~~~
./include/trace/events/writeback.h: In function 'trace_event_raw_event_writeback_class':
./include/trace/events/writeback.h:277:3: warning: 'strncpy' specified bound 32 equals destination size [-Wstringop-truncation]
   strncpy(__entry->name, dev_name(wb->bdi->dev), 32);
   ^~~~~~~~~~~~~~~~~~~~~~~~~~~~~~~~~~~~~~~~~~~~~~~~~~
./include/trace/trace_events.h:720:4: note: in definition of macro 'DECLARE_EVENT_CLASS'
  { assign; }       \
    ^~~~~~
./include/trace/events/writeback.h:276:2: note: in expansion of macro 'TP_fast_assign'
  TP_fast_assign(
  ^~~~~~~~~~~~~~
./include/trace/events/writeback.h: In function 'trace_event_raw_event_writeback_bdi_register':
./include/trace/events/writeback.h:299:3: warning: 'strncpy' specified bound 32 equals destination size [-Wstringop-truncation]
   strncpy(__entry->name, dev_name(bdi->dev), 32);
   ^~~~~~~~~~~~~~~~~~~~~~~~~~~~~~~~~~~~~~~~~~~~~~
./include/trace/trace_events.h:720:4: note: in definition of macro 'DECLARE_EVENT_CLASS'
  { assign; }       \
    ^~~~~~
./include/trace/trace_events.h:78:9: note: in expansion of macro 'PARAMS'
         PARAMS(assign),         \
         ^~~~~~
./include/trace/events/writeback.h:292:1: note: in expansion of macro 'TRACE_EVENT'
 TRACE_EVENT(writeback_bdi_register,
 ^~~~~~~~~~~
./include/trace/events/writeback.h:298:2: note: in expansion of macro 'TP_fast_assign'
  TP_fast_assign(
  ^~~~~~~~~~~~~~
./include/trace/events/writeback.h: In function 'trace_event_raw_event_wbc_class':
./include/trace/events/writeback.h:324:3: warning: 'strncpy' specified bound 32 equals destination size [-Wstringop-truncation]
   strncpy(__entry->name, dev_name(bdi->dev), 32);
   ^~~~~~~~~~~~~~~~~~~~~~~~~~~~~~~~~~~~~~~~~~~~~~
./include/trace/trace_events.h:720:4: note: in definition of macro 'DECLARE_EVENT_CLASS'
  { assign; }       \
    ^~~~~~
./include/trace/events/writeback.h:323:2: note: in expansion of macro 'TP_fast_assign'
  TP_fast_assign(
  ^~~~~~~~~~~~~~
./include/trace/events/writeback.h: In function 'trace_event_raw_event_writeback_queue_io':
./include/trace/events/writeback.h:375:3: warning: 'strncpy' specified bound 32 equals destination size [-Wstringop-truncation]
   strncpy(__entry->name, dev_name(wb->bdi->dev), 32);
   ^~~~~~~~~~~~~~~~~~~~~~~~~~~~~~~~~~~~~~~~~~~~~~~~~~
./include/trace/trace_events.h:720:4: note: in definition of macro 'DECLARE_EVENT_CLASS'
  { assign; }       \
    ^~~~~~
./include/trace/trace_events.h:78:9: note: in expansion of macro 'PARAMS'
         PARAMS(assign),         \
         ^~~~~~
./include/trace/events/writeback.h:360:1: note: in expansion of macro 'TRACE_EVENT'
 TRACE_EVENT(writeback_queue_io,
 ^~~~~~~~~~~
./include/trace/events/writeback.h:373:2: note: in expansion of macro 'TP_fast_assign'
  TP_fast_assign(
  ^~~~~~~~~~~~~~
./include/trace/events/writeback.h: In function 'trace_event_raw_event_writeback_sb_inodes_requeue':
./include/trace/events/writeback.h:586:3: warning: 'strncpy' specified bound 32 equals destination size [-Wstringop-truncation]
   strncpy(__entry->name,
   ^~~~~~~~~~~~~~~~~~~~~~
           dev_name(inode_to_bdi(inode)->dev), 32);
           ~~~~~~~~~~~~~~~~~~~~~~~~~~~~~~~~~~~~~~~
./include/trace/trace_events.h:720:4: note: in definition of macro 'DECLARE_EVENT_CLASS'
  { assign; }       \
    ^~~~~~
./include/trace/trace_events.h:78:9: note: in expansion of macro 'PARAMS'
         PARAMS(assign),         \
         ^~~~~~
./include/trace/events/writeback.h:572:1: note: in expansion of macro 'TRACE_EVENT'
 TRACE_EVENT(writeback_sb_inodes_requeue,
 ^~~~~~~~~~~
./include/trace/events/writeback.h:585:2: note: in expansion of macro 'TP_fast_assign'
  TP_fast_assign(
  ^~~~~~~~~~~~~~
./include/trace/events/writeback.h:586:3: warning: 'strncpy' specified bound 32 equals destination size [-Wstringop-truncation]
   strncpy(__entry->name,
   ^~~~~~~~~~~~~~~~~~~~~~
           dev_name(inode_to_bdi(inode)->dev), 32);
           ~~~~~~~~~~~~~~~~~~~~~~~~~~~~~~~~~~~~~~~
./include/trace/trace_events.h:720:4: note: in definition of macro 'DECLARE_EVENT_CLASS'
  { assign; }       \
    ^~~~~~
./include/trace/trace_events.h:78:9: note: in expansion of macro 'PARAMS'
         PARAMS(assign),         \
         ^~~~~~
./include/trace/events/writeback.h:572:1: note: in expansion of macro 'TRACE_EVENT'
 TRACE_EVENT(writeback_sb_inodes_requeue,
 ^~~~~~~~~~~
./include/trace/events/writeback.h:585:2: note: in expansion of macro 'TP_fast_assign'
  TP_fast_assign(
  ^~~~~~~~~~~~~~
./include/trace/events/writeback.h:586:3: warning: 'strncpy' specified bound 32 equals destination size [-Wstringop-truncation]
   strncpy(__entry->name,
   ^~~~~~~~~~~~~~~~~~~~~~
           dev_name(inode_to_bdi(inode)->dev), 32);
           ~~~~~~~~~~~~~~~~~~~~~~~~~~~~~~~~~~~~~~~
./include/trace/trace_events.h:720:4: note: in definition of macro 'DECLARE_EVENT_CLASS'
  { assign; }       \
    ^~~~~~
./include/trace/trace_events.h:78:9: note: in expansion of macro 'PARAMS'
         PARAMS(assign),         \
         ^~~~~~
./include/trace/events/writeback.h:572:1: note: in expansion of macro 'TRACE_EVENT'
 TRACE_EVENT(writeback_sb_inodes_requeue,
 ^~~~~~~~~~~
./include/trace/events/writeback.h:585:2: note: in expansion of macro 'TP_fast_assign'
  TP_fast_assign(
  ^~~~~~~~~~~~~~
./include/trace/events/writeback.h:586:3: warning: 'strncpy' specified bound 32 equals destination size [-Wstringop-truncation]
   strncpy(__entry->name,
   ^~~~~~~~~~~~~~~~~~~~~~
           dev_name(inode_to_bdi(inode)->dev), 32);
           ~~~~~~~~~~~~~~~~~~~~~~~~~~~~~~~~~~~~~~~
./include/trace/trace_events.h:720:4: note: in definition of macro 'DECLARE_EVENT_CLASS'
  { assign; }       \
    ^~~~~~
./include/trace/trace_events.h:78:9: note: in expansion of macro 'PARAMS'
         PARAMS(assign),         \
         ^~~~~~
./include/trace/events/writeback.h:572:1: note: in expansion of macro 'TRACE_EVENT'
 TRACE_EVENT(writeback_sb_inodes_requeue,
 ^~~~~~~~~~~
./include/trace/events/writeback.h:585:2: note: in expansion of macro 'TP_fast_assign'
  TP_fast_assign(
  ^~~~~~~~~~~~~~
./include/trace/events/writeback.h: In function 'trace_event_raw_event_writeback_single_inode_template':
./include/trace/events/writeback.h:660:3: warning: 'strncpy' specified bound 32 equals destination size [-Wstringop-truncation]
   strncpy(__entry->name,
   ^~~~~~~~~~~~~~~~~~~~~~
    dev_name(inode_to_bdi(inode)->dev), 32);
    ~~~~~~~~~~~~~~~~~~~~~~~~~~~~~~~~~~~~~~~
./include/trace/trace_events.h:720:4: note: in definition of macro 'DECLARE_EVENT_CLASS'
  { assign; }       \
    ^~~~~~
./include/trace/events/writeback.h:659:2: note: in expansion of macro 'TP_fast_assign'
  TP_fast_assign(
  ^~~~~~~~~~~~~~
fs/ext4/super.c: In function '__save_error_info':
fs/ext4/super.c:344:2: warning: 'strncpy' specified bound 32 equals destination size [-Wstringop-truncation]
  strncpy(es->s_last_error_func, func, sizeof(es->s_last_error_func));
  ^~~~~~~~~~~~~~~~~~~~~~~~~~~~~~~~~~~~~~~~~~~~~~~~~~~~~~~~~~~~~~~~~~~
fs/ext4/super.c:349:3: warning: 'strncpy' specified bound 32 equals destination size [-Wstringop-truncation]
   strncpy(es->s_first_error_func, func,
   ^~~~~~~~~~~~~~~~~~~~~~~~~~~~~~~~~~~~~
    sizeof(es->s_first_error_func));
    ~~~~~~~~~~~~~~~~~~~~~~~~~~~~~~~
drivers/gpu/drm/mediatek/mtk_drm_drv.c:205:15: warning: initialization discards 'const' qualifier from pointer target type [-Wdiscarded-qualifiers]
  .main_path = mt2712_mtk_ddp_main,
               ^~~~~~~~~~~~~~~~~~~
drivers/gpu/drm/mediatek/mtk_drm_drv.c:207:14: warning: initialization discards 'const' qualifier from pointer target type [-Wdiscarded-qualifiers]
  .ext_path = mt2712_mtk_ddp_ext,
              ^~~~~~~~~~~~~~~~~~
In file included from ./include/linux/cdev.h:8,
                 from ./include/drm/drmP.h:36,
                 from drivers/gpu/drm/mediatek/mtk_dpi.c:14:
drivers/gpu/drm/mediatek/mtk_dpi.c: In function 'mtk_dpi_probe':
./include/linux/device.h:1424:2: warning: 'bridge_node' may be used uninitialized in this function [-Wmaybe-uninitialized]
  _dev_info(dev, dev_fmt(fmt), ##__VA_ARGS__)
  ^~~~~~~~~
drivers/gpu/drm/mediatek/mtk_dpi.c:732:27: note: 'bridge_node' was declared here
  struct device_node *ep, *bridge_node;
                           ^~~~~~~~~~~
drivers/video/hdmi.c: In function 'hdmi_spd_infoframe_init':
drivers/video/hdmi.c:174:2: warning: 'strncpy' specified bound 8 equals destination size [-Wstringop-truncation]
  strncpy(frame->vendor, vendor, sizeof(frame->vendor));
  ^~~~~~~~~~~~~~~~~~~~~~~~~~~~~~~~~~~~~~~~~~~~~~~~~~~~~
drivers/video/hdmi.c:175:2: warning: 'strncpy' specified bound 16 equals destination size [-Wstringop-truncation]
  strncpy(frame->product, product, sizeof(frame->product));
  ^~~~~~~~~~~~~~~~~~~~~~~~~~~~~~~~~~~~~~~~~~~~~~~~~~~~~~~~
In function '__xfs_xattr_put_listent',
    inlined from 'xfs_xattr_put_listent' at fs/xfs/xfs_xattr.c:204:2:
fs/xfs/xfs_xattr.c:142:2: warning: 'strncpy' output may be truncated copying between 5 and 9 bytes from a string of length 9 [-Wstringop-truncation]
  strncpy(offset, prefix, prefix_len);
  ^~~~~~~~~~~~~~~~~~~~~~~~~~~~~~~~~~~
